<?xml version="1.0" encoding="UTF-8"?>
<!-- Generated by org.testng.reporters.JUnitReportReporter -->
<testsuite hostname="Ksk_Tej_Vadgal" failures="0" tests="2" name="org.techArk.tests.login.ValidateLoginAPI_Functionality" time="8.065" errors="0" timestamp="2024-03-01T13:01:18 EST" skipped="0">
  <testcase classname="org.techArk.tests.login.ValidateLoginAPI_Functionality" name="validateLoginWithValidCredentials" time="7.638"/>
  <system-out/>
  <testcase classname="org.techArk.tests.login.ValidateLoginAPI_Functionality" name="validateLoginWithInValidCredentials" time="0.427"/>
  <system-out/>
</testsuite> <!-- org.techArk.tests.login.ValidateLoginAPI_Functionality -->
