<?xml version="1.0" encoding="UTF-8"?>
<!-- Generated by org.testng.reporters.JUnitReportReporter -->
<testsuite hostname="Nandhikas-MBP" failures="0" tests="1" name="org.techArk.tests.CRUD.GetRepositoryTests" time="3.016" errors="0" timestamp="2024-11-10T13:59:27 MST" skipped="0">
  <testcase classname="org.techArk.tests.CRUD.GetRepositoryTests" name="testGetAllRepositories" time="3.016"/>
  <system-out/>
</testsuite> <!-- org.techArk.tests.CRUD.GetRepositoryTests -->
