<?xml version="1.0" encoding="UTF-8"?>
<!-- Generated by org.testng.reporters.JUnitReportReporter -->
<testsuite hostname="Nandhikas-MBP" failures="0" tests="1" name="org.techArk.tests.CRUD.UpdateRepoTest" time="3.854" errors="0" timestamp="2024-11-10T14:16:58 MST" skipped="0">
  <testcase classname="org.techArk.tests.CRUD.UpdateRepoTest" name="testUpdateRepository" time="3.854"/>
  <system-out/>
</testsuite> <!-- org.techArk.tests.CRUD.UpdateRepoTest -->
