<?xml version="1.0" encoding="UTF-8"?>
<!-- Generated by org.testng.reporters.JUnitReportReporter -->
<testsuite hostname="Nandhikas-MBP" failures="0" tests="1" name="org.techArk.tests.CRUD.DeleteRepoTest" time="3.573" errors="0" timestamp="2024-11-10T15:29:46 MST" skipped="0">
  <testcase classname="org.techArk.tests.CRUD.DeleteRepoTest" name="testDeleteRepositorywithnonexistingname" time="3.573"/>
  <system-out/>
</testsuite> <!-- org.techArk.tests.CRUD.DeleteRepoTest -->
